CRITICAL - 2023-08-26 07:46:35 --> Class "Locale" not found
in SYSTEMPATH\CodeIgniter.php on line 194.
 1 ROOTPATH\spark(83): CodeIgniter\CodeIgniter->initialize()
CRITICAL - 2023-08-26 07:46:54 --> Class "Locale" not found
in SYSTEMPATH\CodeIgniter.php on line 194.
 1 ROOTPATH\spark(83): CodeIgniter\CodeIgniter->initialize()
ERROR - 2023-08-26 05:47:57 --> Error connecting to the database: mysqli_sql_exception: Unknown database 'hungryguys' in E:\Programming\Project\hungryguys\system\Database\MySQLi\Connection.php:173
Stack trace:
#0 E:\Programming\Project\hungryguys\system\Database\MySQLi\Connection.php(173): mysqli->real_connect('localhost', 'root', Object(SensitiveParameterValue), 'hungryguys', 3306, '', 0)
#1 E:\Programming\Project\hungryguys\system\Database\BaseConnection.php(391): CodeIgniter\Database\MySQLi\Connection->connect(false)
#2 E:\Programming\Project\hungryguys\system\Database\BaseConnection.php(574): CodeIgniter\Database\BaseConnection->initialize()
#3 E:\Programming\Project\hungryguys\system\Database\BaseBuilder.php(1616): CodeIgniter\Database\BaseConnection->query('SELECT *\nFROM `...', Array, false)
#4 E:\Programming\Project\hungryguys\system\Model.php(241): CodeIgniter\Database\BaseBuilder->get()
#5 E:\Programming\Project\hungryguys\system\BaseModel.php(618): CodeIgniter\Model->doFindAll(0, 0)
#6 E:\Programming\Project\hungryguys\app\Controllers\Client.php(21): CodeIgniter\BaseModel->findAll()
#7 E:\Programming\Project\hungryguys\system\CodeIgniter.php(934): App\Controllers\Client->index()
#8 E:\Programming\Project\hungryguys\system\CodeIgniter.php(499): CodeIgniter\CodeIgniter->runController(Object(App\Controllers\Client))
#9 E:\Programming\Project\hungryguys\system\CodeIgniter.php(368): CodeIgniter\CodeIgniter->handleRequest(NULL, Object(Config\Cache), false)
#10 E:\Programming\Project\hungryguys\public\index.php(67): CodeIgniter\CodeIgniter->run()
#11 E:\Programming\Project\hungryguys\system\Commands\Server\rewrite.php(47): require_once('E:\\Programming\\...')
#12 {main}

Next CodeIgniter\Database\Exceptions\DatabaseException: Unknown database 'hungryguys' in E:\Programming\Project\hungryguys\system\Database\MySQLi\Connection.php:218
Stack trace:
#0 E:\Programming\Project\hungryguys\system\Database\BaseConnection.php(391): CodeIgniter\Database\MySQLi\Connection->connect(false)
#1 E:\Programming\Project\hungryguys\system\Database\BaseConnection.php(574): CodeIgniter\Database\BaseConnection->initialize()
#2 E:\Programming\Project\hungryguys\system\Database\BaseBuilder.php(1616): CodeIgniter\Database\BaseConnection->query('SELECT *\nFROM `...', Array, false)
#3 E:\Programming\Project\hungryguys\system\Model.php(241): CodeIgniter\Database\BaseBuilder->get()
#4 E:\Programming\Project\hungryguys\system\BaseModel.php(618): CodeIgniter\Model->doFindAll(0, 0)
#5 E:\Programming\Project\hungryguys\app\Controllers\Client.php(21): CodeIgniter\BaseModel->findAll()
#6 E:\Programming\Project\hungryguys\system\CodeIgniter.php(934): App\Controllers\Client->index()
#7 E:\Programming\Project\hungryguys\system\CodeIgniter.php(499): CodeIgniter\CodeIgniter->runController(Object(App\Controllers\Client))
#8 E:\Programming\Project\hungryguys\system\CodeIgniter.php(368): CodeIgniter\CodeIgniter->handleRequest(NULL, Object(Config\Cache), false)
#9 E:\Programming\Project\hungryguys\public\index.php(67): CodeIgniter\CodeIgniter->run()
#10 E:\Programming\Project\hungryguys\system\Commands\Server\rewrite.php(47): require_once('E:\\Programming\\...')
#11 {main}
CRITICAL - 2023-08-26 05:47:57 --> Unable to connect to the database.
Main connection [MySQLi]: Unknown database 'hungryguys'
in SYSTEMPATH\Database\BaseConnection.php on line 427.
 1 SYSTEMPATH\Database\BaseConnection.php(574): CodeIgniter\Database\BaseConnection->initialize()
 2 SYSTEMPATH\Database\BaseBuilder.php(1616): CodeIgniter\Database\BaseConnection->query('SELECT *
FROM `categories`', [], false)
 3 SYSTEMPATH\Model.php(241): CodeIgniter\Database\BaseBuilder->get()
 4 SYSTEMPATH\BaseModel.php(618): CodeIgniter\Model->doFindAll(0, 0)
 5 APPPATH\Controllers\Client.php(21): CodeIgniter\BaseModel->findAll()
 6 SYSTEMPATH\CodeIgniter.php(934): App\Controllers\Client->index()
 7 SYSTEMPATH\CodeIgniter.php(499): CodeIgniter\CodeIgniter->runController(Object(App\Controllers\Client))
 8 SYSTEMPATH\CodeIgniter.php(368): CodeIgniter\CodeIgniter->handleRequest(null, Object(Config\Cache), false)
 9 FCPATH\index.php(67): CodeIgniter\CodeIgniter->run()
10 SYSTEMPATH\Commands\Server\rewrite.php(47): require_once('E:\\Programming\\Project\\hungryguys\\public\\index.php')
INFO - 2023-08-26 05:58:21 --> Session: Class initialized using 'CodeIgniter\Session\Handlers\FileHandler' driver.
INFO - 2023-08-26 05:58:29 --> Session: Class initialized using 'CodeIgniter\Session\Handlers\FileHandler' driver.
INFO - 2023-08-26 05:58:31 --> Session: Class initialized using 'CodeIgniter\Session\Handlers\FileHandler' driver.
INFO - 2023-08-26 05:58:35 --> Session: Class initialized using 'CodeIgniter\Session\Handlers\FileHandler' driver.
INFO - 2023-08-26 05:58:38 --> Session: Class initialized using 'CodeIgniter\Session\Handlers\FileHandler' driver.
INFO - 2023-08-26 05:58:40 --> Session: Class initialized using 'CodeIgniter\Session\Handlers\FileHandler' driver.
INFO - 2023-08-26 05:58:41 --> Session: Class initialized using 'CodeIgniter\Session\Handlers\FileHandler' driver.
INFO - 2023-08-26 05:58:46 --> Session: Class initialized using 'CodeIgniter\Session\Handlers\FileHandler' driver.
INFO - 2023-08-26 05:58:53 --> Session: Class initialized using 'CodeIgniter\Session\Handlers\FileHandler' driver.
INFO - 2023-08-26 05:58:57 --> Session: Class initialized using 'CodeIgniter\Session\Handlers\FileHandler' driver.
INFO - 2023-08-26 05:58:58 --> Session: Class initialized using 'CodeIgniter\Session\Handlers\FileHandler' driver.
INFO - 2023-08-26 05:59:02 --> Session: Class initialized using 'CodeIgniter\Session\Handlers\FileHandler' driver.
INFO - 2023-08-26 05:59:05 --> Session: Class initialized using 'CodeIgniter\Session\Handlers\FileHandler' driver.
INFO - 2023-08-26 05:59:07 --> Session: Class initialized using 'CodeIgniter\Session\Handlers\FileHandler' driver.
INFO - 2023-08-26 05:59:41 --> Session: Class initialized using 'CodeIgniter\Session\Handlers\FileHandler' driver.
INFO - 2023-08-26 05:59:43 --> Session: Class initialized using 'CodeIgniter\Session\Handlers\FileHandler' driver.
INFO - 2023-08-26 05:59:46 --> Session: Class initialized using 'CodeIgniter\Session\Handlers\FileHandler' driver.
INFO - 2023-08-26 06:00:41 --> Session: Class initialized using 'CodeIgniter\Session\Handlers\FileHandler' driver.
INFO - 2023-08-26 06:01:32 --> Session: Class initialized using 'CodeIgniter\Session\Handlers\FileHandler' driver.
INFO - 2023-08-26 06:01:35 --> Session: Class initialized using 'CodeIgniter\Session\Handlers\FileHandler' driver.
INFO - 2023-08-26 06:03:51 --> Session: Class initialized using 'CodeIgniter\Session\Handlers\FileHandler' driver.
INFO - 2023-08-26 06:04:15 --> Session: Class initialized using 'CodeIgniter\Session\Handlers\FileHandler' driver.
INFO - 2023-08-26 06:04:17 --> Session: Class initialized using 'CodeIgniter\Session\Handlers\FileHandler' driver.
INFO - 2023-08-26 06:04:19 --> Session: Class initialized using 'CodeIgniter\Session\Handlers\FileHandler' driver.
INFO - 2023-08-26 06:04:38 --> Session: Class initialized using 'CodeIgniter\Session\Handlers\FileHandler' driver.
INFO - 2023-08-26 06:15:21 --> Session: Class initialized using 'CodeIgniter\Session\Handlers\FileHandler' driver.
INFO - 2023-08-26 06:16:07 --> Session: Class initialized using 'CodeIgniter\Session\Handlers\FileHandler' driver.
INFO - 2023-08-26 06:16:41 --> Session: Class initialized using 'CodeIgniter\Session\Handlers\FileHandler' driver.
INFO - 2023-08-26 06:16:43 --> Session: Class initialized using 'CodeIgniter\Session\Handlers\FileHandler' driver.
INFO - 2023-08-26 06:17:28 --> Session: Class initialized using 'CodeIgniter\Session\Handlers\FileHandler' driver.
INFO - 2023-08-26 06:17:39 --> Session: Class initialized using 'CodeIgniter\Session\Handlers\FileHandler' driver.
INFO - 2023-08-26 06:17:58 --> Session: Class initialized using 'CodeIgniter\Session\Handlers\FileHandler' driver.
INFO - 2023-08-26 06:18:16 --> Session: Class initialized using 'CodeIgniter\Session\Handlers\FileHandler' driver.
INFO - 2023-08-26 06:18:35 --> Session: Class initialized using 'CodeIgniter\Session\Handlers\FileHandler' driver.
INFO - 2023-08-26 06:18:43 --> Session: Class initialized using 'CodeIgniter\Session\Handlers\FileHandler' driver.
INFO - 2023-08-26 06:18:50 --> Session: Class initialized using 'CodeIgniter\Session\Handlers\FileHandler' driver.
INFO - 2023-08-26 06:19:07 --> Session: Class initialized using 'CodeIgniter\Session\Handlers\FileHandler' driver.
INFO - 2023-08-26 06:19:23 --> Session: Class initialized using 'CodeIgniter\Session\Handlers\FileHandler' driver.
INFO - 2023-08-26 06:20:11 --> Session: Class initialized using 'CodeIgniter\Session\Handlers\FileHandler' driver.
INFO - 2023-08-26 06:20:30 --> Session: Class initialized using 'CodeIgniter\Session\Handlers\FileHandler' driver.
INFO - 2023-08-26 06:20:42 --> Session: Class initialized using 'CodeIgniter\Session\Handlers\FileHandler' driver.
INFO - 2023-08-26 06:20:53 --> Session: Class initialized using 'CodeIgniter\Session\Handlers\FileHandler' driver.
INFO - 2023-08-26 06:21:01 --> Session: Class initialized using 'CodeIgniter\Session\Handlers\FileHandler' driver.
INFO - 2023-08-26 06:21:24 --> Session: Class initialized using 'CodeIgniter\Session\Handlers\FileHandler' driver.
INFO - 2023-08-26 06:21:29 --> Session: Class initialized using 'CodeIgniter\Session\Handlers\FileHandler' driver.
INFO - 2023-08-26 06:21:49 --> Session: Class initialized using 'CodeIgniter\Session\Handlers\FileHandler' driver.
INFO - 2023-08-26 06:21:58 --> Session: Class initialized using 'CodeIgniter\Session\Handlers\FileHandler' driver.
INFO - 2023-08-26 06:22:06 --> Session: Class initialized using 'CodeIgniter\Session\Handlers\FileHandler' driver.
INFO - 2023-08-26 06:22:23 --> Session: Class initialized using 'CodeIgniter\Session\Handlers\FileHandler' driver.
INFO - 2023-08-26 06:22:29 --> Session: Class initialized using 'CodeIgniter\Session\Handlers\FileHandler' driver.
INFO - 2023-08-26 06:22:53 --> Session: Class initialized using 'CodeIgniter\Session\Handlers\FileHandler' driver.
INFO - 2023-08-26 06:22:58 --> Session: Class initialized using 'CodeIgniter\Session\Handlers\FileHandler' driver.
INFO - 2023-08-26 06:23:12 --> Session: Class initialized using 'CodeIgniter\Session\Handlers\FileHandler' driver.
INFO - 2023-08-26 06:23:27 --> Session: Class initialized using 'CodeIgniter\Session\Handlers\FileHandler' driver.
INFO - 2023-08-26 06:23:39 --> Session: Class initialized using 'CodeIgniter\Session\Handlers\FileHandler' driver.
INFO - 2023-08-26 06:23:57 --> Session: Class initialized using 'CodeIgniter\Session\Handlers\FileHandler' driver.
INFO - 2023-08-26 06:24:03 --> Session: Class initialized using 'CodeIgniter\Session\Handlers\FileHandler' driver.
INFO - 2023-08-26 06:24:11 --> Session: Class initialized using 'CodeIgniter\Session\Handlers\FileHandler' driver.
INFO - 2023-08-26 06:24:20 --> Session: Class initialized using 'CodeIgniter\Session\Handlers\FileHandler' driver.
INFO - 2023-08-26 06:24:25 --> Session: Class initialized using 'CodeIgniter\Session\Handlers\FileHandler' driver.
INFO - 2023-08-26 06:24:39 --> Session: Class initialized using 'CodeIgniter\Session\Handlers\FileHandler' driver.
INFO - 2023-08-26 06:24:53 --> Session: Class initialized using 'CodeIgniter\Session\Handlers\FileHandler' driver.
INFO - 2023-08-26 06:24:58 --> Session: Class initialized using 'CodeIgniter\Session\Handlers\FileHandler' driver.
INFO - 2023-08-26 06:25:12 --> Session: Class initialized using 'CodeIgniter\Session\Handlers\FileHandler' driver.
INFO - 2023-08-26 06:25:17 --> Session: Class initialized using 'CodeIgniter\Session\Handlers\FileHandler' driver.
INFO - 2023-08-26 06:25:19 --> Session: Class initialized using 'CodeIgniter\Session\Handlers\FileHandler' driver.
INFO - 2023-08-26 06:25:20 --> Session: Class initialized using 'CodeIgniter\Session\Handlers\FileHandler' driver.
INFO - 2023-08-26 06:25:23 --> Session: Class initialized using 'CodeIgniter\Session\Handlers\FileHandler' driver.
INFO - 2023-08-26 06:27:32 --> Session: Class initialized using 'CodeIgniter\Session\Handlers\FileHandler' driver.
INFO - 2023-08-26 06:27:44 --> Session: Class initialized using 'CodeIgniter\Session\Handlers\FileHandler' driver.
INFO - 2023-08-26 06:28:09 --> Session: Class initialized using 'CodeIgniter\Session\Handlers\FileHandler' driver.
INFO - 2023-08-26 06:28:16 --> Session: Class initialized using 'CodeIgniter\Session\Handlers\FileHandler' driver.
INFO - 2023-08-26 06:31:42 --> Session: Class initialized using 'CodeIgniter\Session\Handlers\FileHandler' driver.
INFO - 2023-08-26 06:34:33 --> Session: Class initialized using 'CodeIgniter\Session\Handlers\FileHandler' driver.
INFO - 2023-08-26 06:34:34 --> Session: Class initialized using 'CodeIgniter\Session\Handlers\FileHandler' driver.
INFO - 2023-08-26 06:34:36 --> Session: Class initialized using 'CodeIgniter\Session\Handlers\FileHandler' driver.
INFO - 2023-08-26 06:44:50 --> Session: Class initialized using 'CodeIgniter\Session\Handlers\FileHandler' driver.
INFO - 2023-08-26 06:44:53 --> Session: Class initialized using 'CodeIgniter\Session\Handlers\FileHandler' driver.
INFO - 2023-08-26 06:44:56 --> Session: Class initialized using 'CodeIgniter\Session\Handlers\FileHandler' driver.
INFO - 2023-08-26 06:45:02 --> Session: Class initialized using 'CodeIgniter\Session\Handlers\FileHandler' driver.
INFO - 2023-08-26 06:48:35 --> Session: Class initialized using 'CodeIgniter\Session\Handlers\FileHandler' driver.
INFO - 2023-08-26 06:48:40 --> Session: Class initialized using 'CodeIgniter\Session\Handlers\FileHandler' driver.
INFO - 2023-08-26 06:49:01 --> Session: Class initialized using 'CodeIgniter\Session\Handlers\FileHandler' driver.
INFO - 2023-08-26 06:50:02 --> Session: Class initialized using 'CodeIgniter\Session\Handlers\FileHandler' driver.
INFO - 2023-08-26 06:50:43 --> Session: Class initialized using 'CodeIgniter\Session\Handlers\FileHandler' driver.
INFO - 2023-08-26 06:51:12 --> Session: Class initialized using 'CodeIgniter\Session\Handlers\FileHandler' driver.
INFO - 2023-08-26 06:51:43 --> Session: Class initialized using 'CodeIgniter\Session\Handlers\FileHandler' driver.
INFO - 2023-08-26 06:51:59 --> Session: Class initialized using 'CodeIgniter\Session\Handlers\FileHandler' driver.
INFO - 2023-08-26 06:52:05 --> Session: Class initialized using 'CodeIgniter\Session\Handlers\FileHandler' driver.
INFO - 2023-08-26 06:54:54 --> Session: Class initialized using 'CodeIgniter\Session\Handlers\FileHandler' driver.
INFO - 2023-08-26 06:55:00 --> Session: Class initialized using 'CodeIgniter\Session\Handlers\FileHandler' driver.
INFO - 2023-08-26 06:58:56 --> Session: Class initialized using 'CodeIgniter\Session\Handlers\FileHandler' driver.
INFO - 2023-08-26 07:00:35 --> Session: Class initialized using 'CodeIgniter\Session\Handlers\FileHandler' driver.
INFO - 2023-08-26 07:01:02 --> Session: Class initialized using 'CodeIgniter\Session\Handlers\FileHandler' driver.
INFO - 2023-08-26 07:07:58 --> Session: Class initialized using 'CodeIgniter\Session\Handlers\FileHandler' driver.
INFO - 2023-08-26 07:09:13 --> Session: Class initialized using 'CodeIgniter\Session\Handlers\FileHandler' driver.
INFO - 2023-08-26 07:09:17 --> Session: Class initialized using 'CodeIgniter\Session\Handlers\FileHandler' driver.
INFO - 2023-08-26 07:11:50 --> Session: Class initialized using 'CodeIgniter\Session\Handlers\FileHandler' driver.
INFO - 2023-08-26 07:12:28 --> Session: Class initialized using 'CodeIgniter\Session\Handlers\FileHandler' driver.
INFO - 2023-08-26 07:12:34 --> Session: Class initialized using 'CodeIgniter\Session\Handlers\FileHandler' driver.
INFO - 2023-08-26 07:12:35 --> Session: Class initialized using 'CodeIgniter\Session\Handlers\FileHandler' driver.
INFO - 2023-08-26 07:13:10 --> Session: Class initialized using 'CodeIgniter\Session\Handlers\FileHandler' driver.
INFO - 2023-08-26 07:13:24 --> Session: Class initialized using 'CodeIgniter\Session\Handlers\FileHandler' driver.
INFO - 2023-08-26 07:13:34 --> Session: Class initialized using 'CodeIgniter\Session\Handlers\FileHandler' driver.
INFO - 2023-08-26 07:13:54 --> Session: Class initialized using 'CodeIgniter\Session\Handlers\FileHandler' driver.
INFO - 2023-08-26 07:14:14 --> Session: Class initialized using 'CodeIgniter\Session\Handlers\FileHandler' driver.
INFO - 2023-08-26 07:14:19 --> Session: Class initialized using 'CodeIgniter\Session\Handlers\FileHandler' driver.
INFO - 2023-08-26 07:14:27 --> Session: Class initialized using 'CodeIgniter\Session\Handlers\FileHandler' driver.
INFO - 2023-08-26 07:14:39 --> Session: Class initialized using 'CodeIgniter\Session\Handlers\FileHandler' driver.
INFO - 2023-08-26 07:15:26 --> Session: Class initialized using 'CodeIgniter\Session\Handlers\FileHandler' driver.
INFO - 2023-08-26 07:15:36 --> Session: Class initialized using 'CodeIgniter\Session\Handlers\FileHandler' driver.
INFO - 2023-08-26 07:15:39 --> Session: Class initialized using 'CodeIgniter\Session\Handlers\FileHandler' driver.
INFO - 2023-08-26 07:19:41 --> Session: Class initialized using 'CodeIgniter\Session\Handlers\FileHandler' driver.
INFO - 2023-08-26 07:19:45 --> Session: Class initialized using 'CodeIgniter\Session\Handlers\FileHandler' driver.
INFO - 2023-08-26 07:19:54 --> Session: Class initialized using 'CodeIgniter\Session\Handlers\FileHandler' driver.
INFO - 2023-08-26 07:19:57 --> Session: Class initialized using 'CodeIgniter\Session\Handlers\FileHandler' driver.
INFO - 2023-08-26 07:20:11 --> Session: Class initialized using 'CodeIgniter\Session\Handlers\FileHandler' driver.
INFO - 2023-08-26 07:20:15 --> Session: Class initialized using 'CodeIgniter\Session\Handlers\FileHandler' driver.
INFO - 2023-08-26 07:20:51 --> Session: Class initialized using 'CodeIgniter\Session\Handlers\FileHandler' driver.
INFO - 2023-08-26 07:20:54 --> Session: Class initialized using 'CodeIgniter\Session\Handlers\FileHandler' driver.
INFO - 2023-08-26 07:21:09 --> Session: Class initialized using 'CodeIgniter\Session\Handlers\FileHandler' driver.
INFO - 2023-08-26 07:21:13 --> Session: Class initialized using 'CodeIgniter\Session\Handlers\FileHandler' driver.
INFO - 2023-08-26 07:21:28 --> Session: Class initialized using 'CodeIgniter\Session\Handlers\FileHandler' driver.
INFO - 2023-08-26 07:21:35 --> Session: Class initialized using 'CodeIgniter\Session\Handlers\FileHandler' driver.
INFO - 2023-08-26 07:21:38 --> Session: Class initialized using 'CodeIgniter\Session\Handlers\FileHandler' driver.
INFO - 2023-08-26 07:21:45 --> Session: Class initialized using 'CodeIgniter\Session\Handlers\FileHandler' driver.
ERROR - 2023-08-26 07:43:09 --> mysqli_sql_exception: You have an error in your SQL syntax; check the manual that corresponds to your MariaDB server version for the right syntax to use near 'WHERE category like '%. mobile .%' LIMIT 1' at line 1 in E:\Programming\Project\hungryguys\system\Database\MySQLi\Connection.php:295
Stack trace:
#0 E:\Programming\Project\hungryguys\system\Database\MySQLi\Connection.php(295): mysqli->query('SELECT * FROM W...', 0)
#1 E:\Programming\Project\hungryguys\system\Database\BaseConnection.php(692): CodeIgniter\Database\MySQLi\Connection->execute('SELECT * FROM W...')
#2 E:\Programming\Project\hungryguys\system\Database\BaseConnection.php(606): CodeIgniter\Database\BaseConnection->simpleQuery('SELECT * FROM W...')
#3 E:\Programming\Project\hungryguys\app\Controllers\Client.php(21): CodeIgniter\Database\BaseConnection->query('SELECT * FROM W...')
#4 E:\Programming\Project\hungryguys\system\CodeIgniter.php(934): App\Controllers\Client->index()
#5 E:\Programming\Project\hungryguys\system\CodeIgniter.php(499): CodeIgniter\CodeIgniter->runController(Object(App\Controllers\Client))
#6 E:\Programming\Project\hungryguys\system\CodeIgniter.php(368): CodeIgniter\CodeIgniter->handleRequest(NULL, Object(Config\Cache), false)
#7 E:\Programming\Project\hungryguys\public\index.php(67): CodeIgniter\CodeIgniter->run()
#8 E:\Programming\Project\hungryguys\system\Commands\Server\rewrite.php(47): require_once('E:\\Programming\\...')
#9 {main}
CRITICAL - 2023-08-26 07:43:09 --> You have an error in your SQL syntax; check the manual that corresponds to your MariaDB server version for the right syntax to use near 'WHERE category like '%. mobile .%' LIMIT 1' at line 1
in SYSTEMPATH\Database\MySQLi\Connection.php on line 295.
 1 SYSTEMPATH\Database\MySQLi\Connection.php(295): mysqli->query('SELECT * FROM WHERE category like \'%. mobile .%\' LIMIT 1', 0)
 2 SYSTEMPATH\Database\BaseConnection.php(692): CodeIgniter\Database\MySQLi\Connection->execute('SELECT * FROM WHERE category like \'%. mobile .%\' LIMIT 1')
 3 SYSTEMPATH\Database\BaseConnection.php(606): CodeIgniter\Database\BaseConnection->simpleQuery('SELECT * FROM WHERE category like \'%. mobile .%\' LIMIT 1')
 4 APPPATH\Controllers\Client.php(21): CodeIgniter\Database\BaseConnection->query('SELECT * FROM WHERE category like \'%. mobile .%\' LIMIT 1')
 5 SYSTEMPATH\CodeIgniter.php(934): App\Controllers\Client->index()
 6 SYSTEMPATH\CodeIgniter.php(499): CodeIgniter\CodeIgniter->runController(Object(App\Controllers\Client))
 7 SYSTEMPATH\CodeIgniter.php(368): CodeIgniter\CodeIgniter->handleRequest(null, Object(Config\Cache), false)
 8 FCPATH\index.php(67): CodeIgniter\CodeIgniter->run()
 9 SYSTEMPATH\Commands\Server\rewrite.php(47): require_once('E:\\Programming\\Project\\hungryguys\\public\\index.php')
ERROR - 2023-08-26 07:43:26 --> mysqli_sql_exception: You have an error in your SQL syntax; check the manual that corresponds to your MariaDB server version for the right syntax to use near 'WHERE category like %'. mobile .'% LIMIT 1' at line 1 in E:\Programming\Project\hungryguys\system\Database\MySQLi\Connection.php:295
Stack trace:
#0 E:\Programming\Project\hungryguys\system\Database\MySQLi\Connection.php(295): mysqli->query('SELECT * FROM W...', 0)
#1 E:\Programming\Project\hungryguys\system\Database\BaseConnection.php(692): CodeIgniter\Database\MySQLi\Connection->execute('SELECT * FROM W...')
#2 E:\Programming\Project\hungryguys\system\Database\BaseConnection.php(606): CodeIgniter\Database\BaseConnection->simpleQuery('SELECT * FROM W...')
#3 E:\Programming\Project\hungryguys\app\Controllers\Client.php(21): CodeIgniter\Database\BaseConnection->query('SELECT * FROM W...')
#4 E:\Programming\Project\hungryguys\system\CodeIgniter.php(934): App\Controllers\Client->index()
#5 E:\Programming\Project\hungryguys\system\CodeIgniter.php(499): CodeIgniter\CodeIgniter->runController(Object(App\Controllers\Client))
#6 E:\Programming\Project\hungryguys\system\CodeIgniter.php(368): CodeIgniter\CodeIgniter->handleRequest(NULL, Object(Config\Cache), false)
#7 E:\Programming\Project\hungryguys\public\index.php(67): CodeIgniter\CodeIgniter->run()
#8 E:\Programming\Project\hungryguys\system\Commands\Server\rewrite.php(47): require_once('E:\\Programming\\...')
#9 {main}
CRITICAL - 2023-08-26 07:43:26 --> You have an error in your SQL syntax; check the manual that corresponds to your MariaDB server version for the right syntax to use near 'WHERE category like %'. mobile .'% LIMIT 1' at line 1
in SYSTEMPATH\Database\MySQLi\Connection.php on line 295.
 1 SYSTEMPATH\Database\MySQLi\Connection.php(295): mysqli->query('SELECT * FROM WHERE category like %\'. mobile .\'% LIMIT 1', 0)
 2 SYSTEMPATH\Database\BaseConnection.php(692): CodeIgniter\Database\MySQLi\Connection->execute('SELECT * FROM WHERE category like %\'. mobile .\'% LIMIT 1')
 3 SYSTEMPATH\Database\BaseConnection.php(606): CodeIgniter\Database\BaseConnection->simpleQuery('SELECT * FROM WHERE category like %\'. mobile .\'% LIMIT 1')
 4 APPPATH\Controllers\Client.php(21): CodeIgniter\Database\BaseConnection->query('SELECT * FROM WHERE category like %\'. mobile .\'% LIMIT 1')
 5 SYSTEMPATH\CodeIgniter.php(934): App\Controllers\Client->index()
 6 SYSTEMPATH\CodeIgniter.php(499): CodeIgniter\CodeIgniter->runController(Object(App\Controllers\Client))
 7 SYSTEMPATH\CodeIgniter.php(368): CodeIgniter\CodeIgniter->handleRequest(null, Object(Config\Cache), false)
 8 FCPATH\index.php(67): CodeIgniter\CodeIgniter->run()
 9 SYSTEMPATH\Commands\Server\rewrite.php(47): require_once('E:\\Programming\\Project\\hungryguys\\public\\index.php')
ERROR - 2023-08-26 07:43:59 --> mysqli_sql_exception: You have an error in your SQL syntax; check the manual that corresponds to your MariaDB server version for the right syntax to use near 'WHERE category like '%mobile%' LIMIT 1' at line 1 in E:\Programming\Project\hungryguys\system\Database\MySQLi\Connection.php:295
Stack trace:
#0 E:\Programming\Project\hungryguys\system\Database\MySQLi\Connection.php(295): mysqli->query('SELECT * FROM W...', 0)
#1 E:\Programming\Project\hungryguys\system\Database\BaseConnection.php(692): CodeIgniter\Database\MySQLi\Connection->execute('SELECT * FROM W...')
#2 E:\Programming\Project\hungryguys\system\Database\BaseConnection.php(606): CodeIgniter\Database\BaseConnection->simpleQuery('SELECT * FROM W...')
#3 E:\Programming\Project\hungryguys\app\Controllers\Client.php(21): CodeIgniter\Database\BaseConnection->query('SELECT * FROM W...')
#4 E:\Programming\Project\hungryguys\system\CodeIgniter.php(934): App\Controllers\Client->index()
#5 E:\Programming\Project\hungryguys\system\CodeIgniter.php(499): CodeIgniter\CodeIgniter->runController(Object(App\Controllers\Client))
#6 E:\Programming\Project\hungryguys\system\CodeIgniter.php(368): CodeIgniter\CodeIgniter->handleRequest(NULL, Object(Config\Cache), false)
#7 E:\Programming\Project\hungryguys\public\index.php(67): CodeIgniter\CodeIgniter->run()
#8 E:\Programming\Project\hungryguys\system\Commands\Server\rewrite.php(47): require_once('E:\\Programming\\...')
#9 {main}
CRITICAL - 2023-08-26 07:43:59 --> You have an error in your SQL syntax; check the manual that corresponds to your MariaDB server version for the right syntax to use near 'WHERE category like '%mobile%' LIMIT 1' at line 1
in SYSTEMPATH\Database\MySQLi\Connection.php on line 295.
 1 SYSTEMPATH\Database\MySQLi\Connection.php(295): mysqli->query('SELECT * FROM WHERE category like \'%mobile%\' LIMIT 1', 0)
 2 SYSTEMPATH\Database\BaseConnection.php(692): CodeIgniter\Database\MySQLi\Connection->execute('SELECT * FROM WHERE category like \'%mobile%\' LIMIT 1')
 3 SYSTEMPATH\Database\BaseConnection.php(606): CodeIgniter\Database\BaseConnection->simpleQuery('SELECT * FROM WHERE category like \'%mobile%\' LIMIT 1')
 4 APPPATH\Controllers\Client.php(21): CodeIgniter\Database\BaseConnection->query('SELECT * FROM WHERE category like \'%mobile%\' LIMIT 1')
 5 SYSTEMPATH\CodeIgniter.php(934): App\Controllers\Client->index()
 6 SYSTEMPATH\CodeIgniter.php(499): CodeIgniter\CodeIgniter->runController(Object(App\Controllers\Client))
 7 SYSTEMPATH\CodeIgniter.php(368): CodeIgniter\CodeIgniter->handleRequest(null, Object(Config\Cache), false)
 8 FCPATH\index.php(67): CodeIgniter\CodeIgniter->run()
 9 SYSTEMPATH\Commands\Server\rewrite.php(47): require_once('E:\\Programming\\Project\\hungryguys\\public\\index.php')
ERROR - 2023-08-26 07:50:08 --> mysqli_sql_exception: You have an error in your SQL syntax; check the manual that corresponds to your MariaDB server version for the right syntax to use near 'WHERE category like '%mobile%' LIMIT 1' at line 1 in E:\Programming\Project\hungryguys\system\Database\MySQLi\Connection.php:295
Stack trace:
#0 E:\Programming\Project\hungryguys\system\Database\MySQLi\Connection.php(295): mysqli->query('SELECT * FROM W...', 0)
#1 E:\Programming\Project\hungryguys\system\Database\BaseConnection.php(692): CodeIgniter\Database\MySQLi\Connection->execute('SELECT * FROM W...')
#2 E:\Programming\Project\hungryguys\system\Database\BaseConnection.php(606): CodeIgniter\Database\BaseConnection->simpleQuery('SELECT * FROM W...')
#3 E:\Programming\Project\hungryguys\app\Controllers\Client.php(21): CodeIgniter\Database\BaseConnection->query('SELECT * FROM W...')
#4 E:\Programming\Project\hungryguys\system\CodeIgniter.php(934): App\Controllers\Client->index()
#5 E:\Programming\Project\hungryguys\system\CodeIgniter.php(499): CodeIgniter\CodeIgniter->runController(Object(App\Controllers\Client))
#6 E:\Programming\Project\hungryguys\system\CodeIgniter.php(368): CodeIgniter\CodeIgniter->handleRequest(NULL, Object(Config\Cache), false)
#7 E:\Programming\Project\hungryguys\public\index.php(67): CodeIgniter\CodeIgniter->run()
#8 E:\Programming\Project\hungryguys\system\Commands\Server\rewrite.php(47): require_once('E:\\Programming\\...')
#9 {main}
CRITICAL - 2023-08-26 07:50:08 --> You have an error in your SQL syntax; check the manual that corresponds to your MariaDB server version for the right syntax to use near 'WHERE category like '%mobile%' LIMIT 1' at line 1
in SYSTEMPATH\Database\MySQLi\Connection.php on line 295.
 1 SYSTEMPATH\Database\MySQLi\Connection.php(295): mysqli->query('SELECT * FROM WHERE category like \'%mobile%\' LIMIT 1', 0)
 2 SYSTEMPATH\Database\BaseConnection.php(692): CodeIgniter\Database\MySQLi\Connection->execute('SELECT * FROM WHERE category like \'%mobile%\' LIMIT 1')
 3 SYSTEMPATH\Database\BaseConnection.php(606): CodeIgniter\Database\BaseConnection->simpleQuery('SELECT * FROM WHERE category like \'%mobile%\' LIMIT 1')
 4 APPPATH\Controllers\Client.php(21): CodeIgniter\Database\BaseConnection->query('SELECT * FROM WHERE category like \'%mobile%\' LIMIT 1')
 5 SYSTEMPATH\CodeIgniter.php(934): App\Controllers\Client->index()
 6 SYSTEMPATH\CodeIgniter.php(499): CodeIgniter\CodeIgniter->runController(Object(App\Controllers\Client))
 7 SYSTEMPATH\CodeIgniter.php(368): CodeIgniter\CodeIgniter->handleRequest(null, Object(Config\Cache), false)
 8 FCPATH\index.php(67): CodeIgniter\CodeIgniter->run()
 9 SYSTEMPATH\Commands\Server\rewrite.php(47): require_once('E:\\Programming\\Project\\hungryguys\\public\\index.php')
ERROR - 2023-08-26 07:51:43 --> mysqli_sql_exception: You have an error in your SQL syntax; check the manual that corresponds to your MariaDB server version for the right syntax to use near 'WHERE category like 'mobile' LIMIT 1' at line 1 in E:\Programming\Project\hungryguys\system\Database\MySQLi\Connection.php:295
Stack trace:
#0 E:\Programming\Project\hungryguys\system\Database\MySQLi\Connection.php(295): mysqli->query('SELECT * FROM W...', 0)
#1 E:\Programming\Project\hungryguys\system\Database\BaseConnection.php(692): CodeIgniter\Database\MySQLi\Connection->execute('SELECT * FROM W...')
#2 E:\Programming\Project\hungryguys\system\Database\BaseConnection.php(606): CodeIgniter\Database\BaseConnection->simpleQuery('SELECT * FROM W...')
#3 E:\Programming\Project\hungryguys\app\Controllers\Client.php(21): CodeIgniter\Database\BaseConnection->query('SELECT * FROM W...')
#4 E:\Programming\Project\hungryguys\system\CodeIgniter.php(934): App\Controllers\Client->index()
#5 E:\Programming\Project\hungryguys\system\CodeIgniter.php(499): CodeIgniter\CodeIgniter->runController(Object(App\Controllers\Client))
#6 E:\Programming\Project\hungryguys\system\CodeIgniter.php(368): CodeIgniter\CodeIgniter->handleRequest(NULL, Object(Config\Cache), false)
#7 E:\Programming\Project\hungryguys\public\index.php(67): CodeIgniter\CodeIgniter->run()
#8 E:\Programming\Project\hungryguys\system\Commands\Server\rewrite.php(47): require_once('E:\\Programming\\...')
#9 {main}
CRITICAL - 2023-08-26 07:51:43 --> You have an error in your SQL syntax; check the manual that corresponds to your MariaDB server version for the right syntax to use near 'WHERE category like 'mobile' LIMIT 1' at line 1
in SYSTEMPATH\Database\MySQLi\Connection.php on line 295.
 1 SYSTEMPATH\Database\MySQLi\Connection.php(295): mysqli->query('SELECT * FROM WHERE category like \'mobile\' LIMIT 1', 0)
 2 SYSTEMPATH\Database\BaseConnection.php(692): CodeIgniter\Database\MySQLi\Connection->execute('SELECT * FROM WHERE category like \'mobile\' LIMIT 1')
 3 SYSTEMPATH\Database\BaseConnection.php(606): CodeIgniter\Database\BaseConnection->simpleQuery('SELECT * FROM WHERE category like \'mobile\' LIMIT 1')
 4 APPPATH\Controllers\Client.php(21): CodeIgniter\Database\BaseConnection->query('SELECT * FROM WHERE category like \'mobile\' LIMIT 1')
 5 SYSTEMPATH\CodeIgniter.php(934): App\Controllers\Client->index()
 6 SYSTEMPATH\CodeIgniter.php(499): CodeIgniter\CodeIgniter->runController(Object(App\Controllers\Client))
 7 SYSTEMPATH\CodeIgniter.php(368): CodeIgniter\CodeIgniter->handleRequest(null, Object(Config\Cache), false)
 8 FCPATH\index.php(67): CodeIgniter\CodeIgniter->run()
 9 SYSTEMPATH\Commands\Server\rewrite.php(47): require_once('E:\\Programming\\Project\\hungryguys\\public\\index.php')
ERROR - 2023-08-26 07:53:01 --> mysqli_sql_exception: You have an error in your SQL syntax; check the manual that corresponds to your MariaDB server version for the right syntax to use near 'WHERE category like 'test' LIMIT 1' at line 1 in E:\Programming\Project\hungryguys\system\Database\MySQLi\Connection.php:295
Stack trace:
#0 E:\Programming\Project\hungryguys\system\Database\MySQLi\Connection.php(295): mysqli->query('SELECT * FROM W...', 0)
#1 E:\Programming\Project\hungryguys\system\Database\BaseConnection.php(692): CodeIgniter\Database\MySQLi\Connection->execute('SELECT * FROM W...')
#2 E:\Programming\Project\hungryguys\system\Database\BaseConnection.php(606): CodeIgniter\Database\BaseConnection->simpleQuery('SELECT * FROM W...')
#3 E:\Programming\Project\hungryguys\app\Controllers\Client.php(21): CodeIgniter\Database\BaseConnection->query('SELECT * FROM W...')
#4 E:\Programming\Project\hungryguys\system\CodeIgniter.php(934): App\Controllers\Client->index()
#5 E:\Programming\Project\hungryguys\system\CodeIgniter.php(499): CodeIgniter\CodeIgniter->runController(Object(App\Controllers\Client))
#6 E:\Programming\Project\hungryguys\system\CodeIgniter.php(368): CodeIgniter\CodeIgniter->handleRequest(NULL, Object(Config\Cache), false)
#7 E:\Programming\Project\hungryguys\public\index.php(67): CodeIgniter\CodeIgniter->run()
#8 E:\Programming\Project\hungryguys\system\Commands\Server\rewrite.php(47): require_once('E:\\Programming\\...')
#9 {main}
CRITICAL - 2023-08-26 07:53:01 --> You have an error in your SQL syntax; check the manual that corresponds to your MariaDB server version for the right syntax to use near 'WHERE category like 'test' LIMIT 1' at line 1
in SYSTEMPATH\Database\MySQLi\Connection.php on line 295.
 1 SYSTEMPATH\Database\MySQLi\Connection.php(295): mysqli->query('SELECT * FROM WHERE category like \'test\' LIMIT 1', 0)
 2 SYSTEMPATH\Database\BaseConnection.php(692): CodeIgniter\Database\MySQLi\Connection->execute('SELECT * FROM WHERE category like \'test\' LIMIT 1')
 3 SYSTEMPATH\Database\BaseConnection.php(606): CodeIgniter\Database\BaseConnection->simpleQuery('SELECT * FROM WHERE category like \'test\' LIMIT 1')
 4 APPPATH\Controllers\Client.php(21): CodeIgniter\Database\BaseConnection->query('SELECT * FROM WHERE category like \'test\' LIMIT 1')
 5 SYSTEMPATH\CodeIgniter.php(934): App\Controllers\Client->index()
 6 SYSTEMPATH\CodeIgniter.php(499): CodeIgniter\CodeIgniter->runController(Object(App\Controllers\Client))
 7 SYSTEMPATH\CodeIgniter.php(368): CodeIgniter\CodeIgniter->handleRequest(null, Object(Config\Cache), false)
 8 FCPATH\index.php(67): CodeIgniter\CodeIgniter->run()
 9 SYSTEMPATH\Commands\Server\rewrite.php(47): require_once('E:\\Programming\\Project\\hungryguys\\public\\index.php')
ERROR - 2023-08-26 07:53:12 --> mysqli_sql_exception: You have an error in your SQL syntax; check the manual that corresponds to your MariaDB server version for the right syntax to use near 'WHERE category like 'test'' at line 1 in E:\Programming\Project\hungryguys\system\Database\MySQLi\Connection.php:295
Stack trace:
#0 E:\Programming\Project\hungryguys\system\Database\MySQLi\Connection.php(295): mysqli->query('SELECT * FROM W...', 0)
#1 E:\Programming\Project\hungryguys\system\Database\BaseConnection.php(692): CodeIgniter\Database\MySQLi\Connection->execute('SELECT * FROM W...')
#2 E:\Programming\Project\hungryguys\system\Database\BaseConnection.php(606): CodeIgniter\Database\BaseConnection->simpleQuery('SELECT * FROM W...')
#3 E:\Programming\Project\hungryguys\app\Controllers\Client.php(21): CodeIgniter\Database\BaseConnection->query('SELECT * FROM W...')
#4 E:\Programming\Project\hungryguys\system\CodeIgniter.php(934): App\Controllers\Client->index()
#5 E:\Programming\Project\hungryguys\system\CodeIgniter.php(499): CodeIgniter\CodeIgniter->runController(Object(App\Controllers\Client))
#6 E:\Programming\Project\hungryguys\system\CodeIgniter.php(368): CodeIgniter\CodeIgniter->handleRequest(NULL, Object(Config\Cache), false)
#7 E:\Programming\Project\hungryguys\public\index.php(67): CodeIgniter\CodeIgniter->run()
#8 E:\Programming\Project\hungryguys\system\Commands\Server\rewrite.php(47): require_once('E:\\Programming\\...')
#9 {main}
CRITICAL - 2023-08-26 07:53:12 --> You have an error in your SQL syntax; check the manual that corresponds to your MariaDB server version for the right syntax to use near 'WHERE category like 'test'' at line 1
in SYSTEMPATH\Database\MySQLi\Connection.php on line 295.
 1 SYSTEMPATH\Database\MySQLi\Connection.php(295): mysqli->query('SELECT * FROM WHERE category like \'test\' ', 0)
 2 SYSTEMPATH\Database\BaseConnection.php(692): CodeIgniter\Database\MySQLi\Connection->execute('SELECT * FROM WHERE category like \'test\' ')
 3 SYSTEMPATH\Database\BaseConnection.php(606): CodeIgniter\Database\BaseConnection->simpleQuery('SELECT * FROM WHERE category like \'test\' ')
 4 APPPATH\Controllers\Client.php(21): CodeIgniter\Database\BaseConnection->query('SELECT * FROM WHERE category like \'test\' ')
 5 SYSTEMPATH\CodeIgniter.php(934): App\Controllers\Client->index()
 6 SYSTEMPATH\CodeIgniter.php(499): CodeIgniter\CodeIgniter->runController(Object(App\Controllers\Client))
 7 SYSTEMPATH\CodeIgniter.php(368): CodeIgniter\CodeIgniter->handleRequest(null, Object(Config\Cache), false)
 8 FCPATH\index.php(67): CodeIgniter\CodeIgniter->run()
 9 SYSTEMPATH\Commands\Server\rewrite.php(47): require_once('E:\\Programming\\Project\\hungryguys\\public\\index.php')
ERROR - 2023-08-26 07:53:26 --> mysqli_sql_exception: You have an error in your SQL syntax; check the manual that corresponds to your MariaDB server version for the right syntax to use near 'WHERE category' at line 1 in E:\Programming\Project\hungryguys\system\Database\MySQLi\Connection.php:295
Stack trace:
#0 E:\Programming\Project\hungryguys\system\Database\MySQLi\Connection.php(295): mysqli->query('SELECT * FROM W...', 0)
#1 E:\Programming\Project\hungryguys\system\Database\BaseConnection.php(692): CodeIgniter\Database\MySQLi\Connection->execute('SELECT * FROM W...')
#2 E:\Programming\Project\hungryguys\system\Database\BaseConnection.php(606): CodeIgniter\Database\BaseConnection->simpleQuery('SELECT * FROM W...')
#3 E:\Programming\Project\hungryguys\app\Controllers\Client.php(21): CodeIgniter\Database\BaseConnection->query('SELECT * FROM W...')
#4 E:\Programming\Project\hungryguys\system\CodeIgniter.php(934): App\Controllers\Client->index()
#5 E:\Programming\Project\hungryguys\system\CodeIgniter.php(499): CodeIgniter\CodeIgniter->runController(Object(App\Controllers\Client))
#6 E:\Programming\Project\hungryguys\system\CodeIgniter.php(368): CodeIgniter\CodeIgniter->handleRequest(NULL, Object(Config\Cache), false)
#7 E:\Programming\Project\hungryguys\public\index.php(67): CodeIgniter\CodeIgniter->run()
#8 E:\Programming\Project\hungryguys\system\Commands\Server\rewrite.php(47): require_once('E:\\Programming\\...')
#9 {main}
CRITICAL - 2023-08-26 07:53:26 --> You have an error in your SQL syntax; check the manual that corresponds to your MariaDB server version for the right syntax to use near 'WHERE category' at line 1
in SYSTEMPATH\Database\MySQLi\Connection.php on line 295.
 1 SYSTEMPATH\Database\MySQLi\Connection.php(295): mysqli->query('SELECT * FROM WHERE category', 0)
 2 SYSTEMPATH\Database\BaseConnection.php(692): CodeIgniter\Database\MySQLi\Connection->execute('SELECT * FROM WHERE category')
 3 SYSTEMPATH\Database\BaseConnection.php(606): CodeIgniter\Database\BaseConnection->simpleQuery('SELECT * FROM WHERE category')
 4 APPPATH\Controllers\Client.php(21): CodeIgniter\Database\BaseConnection->query('SELECT * FROM WHERE category')
 5 SYSTEMPATH\CodeIgniter.php(934): App\Controllers\Client->index()
 6 SYSTEMPATH\CodeIgniter.php(499): CodeIgniter\CodeIgniter->runController(Object(App\Controllers\Client))
 7 SYSTEMPATH\CodeIgniter.php(368): CodeIgniter\CodeIgniter->handleRequest(null, Object(Config\Cache), false)
 8 FCPATH\index.php(67): CodeIgniter\CodeIgniter->run()
 9 SYSTEMPATH\Commands\Server\rewrite.php(47): require_once('E:\\Programming\\Project\\hungryguys\\public\\index.php')
ERROR - 2023-08-26 07:53:35 --> mysqli_sql_exception: You have an error in your SQL syntax; check the manual that corresponds to your MariaDB server version for the right syntax to use near 'WHERE category' at line 1 in E:\Programming\Project\hungryguys\system\Database\MySQLi\Connection.php:295
Stack trace:
#0 E:\Programming\Project\hungryguys\system\Database\MySQLi\Connection.php(295): mysqli->query('SELECT * FROM W...', 0)
#1 E:\Programming\Project\hungryguys\system\Database\BaseConnection.php(692): CodeIgniter\Database\MySQLi\Connection->execute('SELECT * FROM W...')
#2 E:\Programming\Project\hungryguys\system\Database\BaseConnection.php(606): CodeIgniter\Database\BaseConnection->simpleQuery('SELECT * FROM W...')
#3 E:\Programming\Project\hungryguys\app\Controllers\Client.php(21): CodeIgniter\Database\BaseConnection->query('SELECT * FROM W...')
#4 E:\Programming\Project\hungryguys\system\CodeIgniter.php(934): App\Controllers\Client->index()
#5 E:\Programming\Project\hungryguys\system\CodeIgniter.php(499): CodeIgniter\CodeIgniter->runController(Object(App\Controllers\Client))
#6 E:\Programming\Project\hungryguys\system\CodeIgniter.php(368): CodeIgniter\CodeIgniter->handleRequest(NULL, Object(Config\Cache), false)
#7 E:\Programming\Project\hungryguys\public\index.php(67): CodeIgniter\CodeIgniter->run()
#8 E:\Programming\Project\hungryguys\system\Commands\Server\rewrite.php(47): require_once('E:\\Programming\\...')
#9 {main}
CRITICAL - 2023-08-26 07:53:35 --> You have an error in your SQL syntax; check the manual that corresponds to your MariaDB server version for the right syntax to use near 'WHERE category' at line 1
in SYSTEMPATH\Database\MySQLi\Connection.php on line 295.
 1 SYSTEMPATH\Database\MySQLi\Connection.php(295): mysqli->query('SELECT * FROM WHERE category', 0)
 2 SYSTEMPATH\Database\BaseConnection.php(692): CodeIgniter\Database\MySQLi\Connection->execute('SELECT * FROM WHERE category')
 3 SYSTEMPATH\Database\BaseConnection.php(606): CodeIgniter\Database\BaseConnection->simpleQuery('SELECT * FROM WHERE category')
 4 APPPATH\Controllers\Client.php(21): CodeIgniter\Database\BaseConnection->query('SELECT * FROM WHERE category')
 5 SYSTEMPATH\CodeIgniter.php(934): App\Controllers\Client->index()
 6 SYSTEMPATH\CodeIgniter.php(499): CodeIgniter\CodeIgniter->runController(Object(App\Controllers\Client))
 7 SYSTEMPATH\CodeIgniter.php(368): CodeIgniter\CodeIgniter->handleRequest(null, Object(Config\Cache), false)
 8 FCPATH\index.php(67): CodeIgniter\CodeIgniter->run()
 9 SYSTEMPATH\Commands\Server\rewrite.php(47): require_once('E:\\Programming\\Project\\hungryguys\\public\\index.php')
INFO - 2023-08-26 07:58:01 --> Session: Class initialized using 'CodeIgniter\Session\Handlers\FileHandler' driver.
CRITICAL - 2023-08-26 07:58:16 --> Undefined property: CodeIgniter\Database\MySQLi\Result::$categories
in APPPATH\Controllers\Client.php on line 24.
 1 APPPATH\Controllers\Client.php(24): CodeIgniter\Debug\Exceptions->errorHandler(2, 'Undefined property: CodeIgniter\\Database\\MySQLi\\Result::$categories', 'E:\\Programming\\Project\\hungryguys\\app\\Controllers\\Client.php', 24)
 2 SYSTEMPATH\CodeIgniter.php(934): App\Controllers\Client->index()
 3 SYSTEMPATH\CodeIgniter.php(499): CodeIgniter\CodeIgniter->runController(Object(App\Controllers\Client))
 4 SYSTEMPATH\CodeIgniter.php(368): CodeIgniter\CodeIgniter->handleRequest(null, Object(Config\Cache), false)
 5 FCPATH\index.php(67): CodeIgniter\CodeIgniter->run()
 6 SYSTEMPATH\Commands\Server\rewrite.php(47): require_once('E:\\Programming\\Project\\hungryguys\\public\\index.php')
INFO - 2023-08-26 07:58:21 --> Session: Class initialized using 'CodeIgniter\Session\Handlers\FileHandler' driver.
INFO - 2023-08-26 07:59:06 --> Session: Class initialized using 'CodeIgniter\Session\Handlers\FileHandler' driver.
INFO - 2023-08-26 08:02:59 --> Session: Class initialized using 'CodeIgniter\Session\Handlers\FileHandler' driver.
INFO - 2023-08-26 08:03:03 --> Session: Class initialized using 'CodeIgniter\Session\Handlers\FileHandler' driver.
INFO - 2023-08-26 08:04:55 --> Session: Class initialized using 'CodeIgniter\Session\Handlers\FileHandler' driver.
INFO - 2023-08-26 08:05:00 --> Session: Class initialized using 'CodeIgniter\Session\Handlers\FileHandler' driver.
INFO - 2023-08-26 08:05:08 --> Session: Class initialized using 'CodeIgniter\Session\Handlers\FileHandler' driver.
INFO - 2023-08-26 08:05:13 --> Session: Class initialized using 'CodeIgniter\Session\Handlers\FileHandler' driver.
INFO - 2023-08-26 08:07:00 --> Session: Class initialized using 'CodeIgniter\Session\Handlers\FileHandler' driver.
CRITICAL - 2023-08-26 08:07:00 --> Undefined array key "id_category"
in APPPATH\Controllers\Client.php on line 24.
 1 APPPATH\Controllers\Client.php(24): CodeIgniter\Debug\Exceptions->errorHandler(2, 'Undefined array key "id_category"', 'E:\\Programming\\Project\\hungryguys\\app\\Controllers\\Client.php', 24)
 2 SYSTEMPATH\CodeIgniter.php(934): App\Controllers\Client->index()
 3 SYSTEMPATH\CodeIgniter.php(499): CodeIgniter\CodeIgniter->runController(Object(App\Controllers\Client))
 4 SYSTEMPATH\CodeIgniter.php(368): CodeIgniter\CodeIgniter->handleRequest(null, Object(Config\Cache), false)
 5 FCPATH\index.php(67): CodeIgniter\CodeIgniter->run()
 6 SYSTEMPATH\Commands\Server\rewrite.php(47): require_once('E:\\Programming\\Project\\hungryguys\\public\\index.php')
INFO - 2023-08-26 08:07:17 --> Session: Class initialized using 'CodeIgniter\Session\Handlers\FileHandler' driver.
CRITICAL - 2023-08-26 08:07:17 --> Undefined array key "id_category"
in APPPATH\Controllers\Client.php on line 23.
 1 APPPATH\Controllers\Client.php(23): CodeIgniter\Debug\Exceptions->errorHandler(2, 'Undefined array key "id_category"', 'E:\\Programming\\Project\\hungryguys\\app\\Controllers\\Client.php', 23)
 2 SYSTEMPATH\CodeIgniter.php(934): App\Controllers\Client->index()
 3 SYSTEMPATH\CodeIgniter.php(499): CodeIgniter\CodeIgniter->runController(Object(App\Controllers\Client))
 4 SYSTEMPATH\CodeIgniter.php(368): CodeIgniter\CodeIgniter->handleRequest(null, Object(Config\Cache), false)
 5 FCPATH\index.php(67): CodeIgniter\CodeIgniter->run()
 6 SYSTEMPATH\Commands\Server\rewrite.php(47): require_once('E:\\Programming\\Project\\hungryguys\\public\\index.php')
INFO - 2023-08-26 08:07:30 --> Session: Class initialized using 'CodeIgniter\Session\Handlers\FileHandler' driver.
INFO - 2023-08-26 08:07:46 --> Session: Class initialized using 'CodeIgniter\Session\Handlers\FileHandler' driver.
CRITICAL - 2023-08-26 08:08:41 --> Trying to access array offset on value of type null
in APPPATH\Controllers\Client.php on line 23.
 1 APPPATH\Controllers\Client.php(23): CodeIgniter\Debug\Exceptions->errorHandler(2, 'Trying to access array offset on value of type null', 'E:\\Programming\\Project\\hungryguys\\app\\Controllers\\Client.php', 23)
 2 SYSTEMPATH\CodeIgniter.php(934): App\Controllers\Client->index()
 3 SYSTEMPATH\CodeIgniter.php(499): CodeIgniter\CodeIgniter->runController(Object(App\Controllers\Client))
 4 SYSTEMPATH\CodeIgniter.php(368): CodeIgniter\CodeIgniter->handleRequest(null, Object(Config\Cache), false)
 5 FCPATH\index.php(67): CodeIgniter\CodeIgniter->run()
 6 SYSTEMPATH\Commands\Server\rewrite.php(47): require_once('E:\\Programming\\Project\\hungryguys\\public\\index.php')
CRITICAL - 2023-08-26 08:08:48 --> Undefined array key "id_category"
in APPPATH\Controllers\Client.php on line 23.
 1 APPPATH\Controllers\Client.php(23): CodeIgniter\Debug\Exceptions->errorHandler(2, 'Undefined array key "id_category"', 'E:\\Programming\\Project\\hungryguys\\app\\Controllers\\Client.php', 23)
 2 SYSTEMPATH\CodeIgniter.php(934): App\Controllers\Client->index()
 3 SYSTEMPATH\CodeIgniter.php(499): CodeIgniter\CodeIgniter->runController(Object(App\Controllers\Client))
 4 SYSTEMPATH\CodeIgniter.php(368): CodeIgniter\CodeIgniter->handleRequest(null, Object(Config\Cache), false)
 5 FCPATH\index.php(67): CodeIgniter\CodeIgniter->run()
 6 SYSTEMPATH\Commands\Server\rewrite.php(47): require_once('E:\\Programming\\Project\\hungryguys\\public\\index.php')
CRITICAL - 2023-08-26 08:09:18 --> Undefined array key "id_category"
in APPPATH\Controllers\Client.php on line 23.
 1 APPPATH\Controllers\Client.php(23): CodeIgniter\Debug\Exceptions->errorHandler(2, 'Undefined array key "id_category"', 'E:\\Programming\\Project\\hungryguys\\app\\Controllers\\Client.php', 23)
 2 SYSTEMPATH\CodeIgniter.php(934): App\Controllers\Client->index()
 3 SYSTEMPATH\CodeIgniter.php(499): CodeIgniter\CodeIgniter->runController(Object(App\Controllers\Client))
 4 SYSTEMPATH\CodeIgniter.php(368): CodeIgniter\CodeIgniter->handleRequest(null, Object(Config\Cache), false)
 5 FCPATH\index.php(67): CodeIgniter\CodeIgniter->run()
 6 SYSTEMPATH\Commands\Server\rewrite.php(47): require_once('E:\\Programming\\Project\\hungryguys\\public\\index.php')
INFO - 2023-08-26 08:09:28 --> Session: Class initialized using 'CodeIgniter\Session\Handlers\FileHandler' driver.
INFO - 2023-08-26 08:09:41 --> Session: Class initialized using 'CodeIgniter\Session\Handlers\FileHandler' driver.
INFO - 2023-08-26 08:09:55 --> Session: Class initialized using 'CodeIgniter\Session\Handlers\FileHandler' driver.
INFO - 2023-08-26 08:10:04 --> Session: Class initialized using 'CodeIgniter\Session\Handlers\FileHandler' driver.
INFO - 2023-08-26 08:11:24 --> Session: Class initialized using 'CodeIgniter\Session\Handlers\FileHandler' driver.
INFO - 2023-08-26 08:11:30 --> Session: Class initialized using 'CodeIgniter\Session\Handlers\FileHandler' driver.
INFO - 2023-08-26 08:15:38 --> Session: Class initialized using 'CodeIgniter\Session\Handlers\FileHandler' driver.
INFO - 2023-08-26 08:15:41 --> Session: Class initialized using 'CodeIgniter\Session\Handlers\FileHandler' driver.
INFO - 2023-08-26 08:15:46 --> Session: Class initialized using 'CodeIgniter\Session\Handlers\FileHandler' driver.
INFO - 2023-08-26 08:16:07 --> Session: Class initialized using 'CodeIgniter\Session\Handlers\FileHandler' driver.
INFO - 2023-08-26 08:16:16 --> Session: Class initialized using 'CodeIgniter\Session\Handlers\FileHandler' driver.
INFO - 2023-08-26 08:16:30 --> Session: Class initialized using 'CodeIgniter\Session\Handlers\FileHandler' driver.
INFO - 2023-08-26 08:16:35 --> Session: Class initialized using 'CodeIgniter\Session\Handlers\FileHandler' driver.
INFO - 2023-08-26 08:16:40 --> Session: Class initialized using 'CodeIgniter\Session\Handlers\FileHandler' driver.
INFO - 2023-08-26 08:17:08 --> Session: Class initialized using 'CodeIgniter\Session\Handlers\FileHandler' driver.
INFO - 2023-08-26 08:17:12 --> Session: Class initialized using 'CodeIgniter\Session\Handlers\FileHandler' driver.
INFO - 2023-08-26 08:18:21 --> Session: Class initialized using 'CodeIgniter\Session\Handlers\FileHandler' driver.
INFO - 2023-08-26 08:18:25 --> Session: Class initialized using 'CodeIgniter\Session\Handlers\FileHandler' driver.
INFO - 2023-08-26 08:18:43 --> Session: Class initialized using 'CodeIgniter\Session\Handlers\FileHandler' driver.
INFO - 2023-08-26 08:18:48 --> Session: Class initialized using 'CodeIgniter\Session\Handlers\FileHandler' driver.
INFO - 2023-08-26 08:19:04 --> Session: Class initialized using 'CodeIgniter\Session\Handlers\FileHandler' driver.
INFO - 2023-08-26 08:19:08 --> Session: Class initialized using 'CodeIgniter\Session\Handlers\FileHandler' driver.
INFO - 2023-08-26 08:19:17 --> Session: Class initialized using 'CodeIgniter\Session\Handlers\FileHandler' driver.
INFO - 2023-08-26 08:19:25 --> Session: Class initialized using 'CodeIgniter\Session\Handlers\FileHandler' driver.
INFO - 2023-08-26 08:19:32 --> Session: Class initialized using 'CodeIgniter\Session\Handlers\FileHandler' driver.
INFO - 2023-08-26 08:19:38 --> Session: Class initialized using 'CodeIgniter\Session\Handlers\FileHandler' driver.
INFO - 2023-08-26 08:21:00 --> Session: Class initialized using 'CodeIgniter\Session\Handlers\FileHandler' driver.
INFO - 2023-08-26 08:21:04 --> Session: Class initialized using 'CodeIgniter\Session\Handlers\FileHandler' driver.
CRITICAL - 2023-08-26 08:21:04 --> count(): Argument #1 ($value) must be of type Countable|array, string given
in APPPATH\Controllers\Client.php on line 36.
 1 APPPATH\Controllers\Client.php(36): count('38')
 2 SYSTEMPATH\CodeIgniter.php(934): App\Controllers\Client->searchGameSession()
 3 SYSTEMPATH\CodeIgniter.php(499): CodeIgniter\CodeIgniter->runController(Object(App\Controllers\Client))
 4 SYSTEMPATH\CodeIgniter.php(368): CodeIgniter\CodeIgniter->handleRequest(null, Object(Config\Cache), false)
 5 FCPATH\index.php(67): CodeIgniter\CodeIgniter->run()
 6 SYSTEMPATH\Commands\Server\rewrite.php(47): require_once('E:\\Programming\\Project\\hungryguys\\public\\index.php')
INFO - 2023-08-26 08:21:06 --> Session: Class initialized using 'CodeIgniter\Session\Handlers\FileHandler' driver.
CRITICAL - 2023-08-26 08:21:06 --> count(): Argument #1 ($value) must be of type Countable|array, string given
in APPPATH\Controllers\Client.php on line 36.
 1 APPPATH\Controllers\Client.php(36): count('38')
 2 SYSTEMPATH\CodeIgniter.php(934): App\Controllers\Client->searchGameSession()
 3 SYSTEMPATH\CodeIgniter.php(499): CodeIgniter\CodeIgniter->runController(Object(App\Controllers\Client))
 4 SYSTEMPATH\CodeIgniter.php(368): CodeIgniter\CodeIgniter->handleRequest(null, Object(Config\Cache), false)
 5 FCPATH\index.php(67): CodeIgniter\CodeIgniter->run()
 6 SYSTEMPATH\Commands\Server\rewrite.php(47): require_once('E:\\Programming\\Project\\hungryguys\\public\\index.php')
INFO - 2023-08-26 08:21:07 --> Session: Class initialized using 'CodeIgniter\Session\Handlers\FileHandler' driver.
CRITICAL - 2023-08-26 08:21:07 --> count(): Argument #1 ($value) must be of type Countable|array, string given
in APPPATH\Controllers\Client.php on line 36.
 1 APPPATH\Controllers\Client.php(36): count('38')
 2 SYSTEMPATH\CodeIgniter.php(934): App\Controllers\Client->searchGameSession()
 3 SYSTEMPATH\CodeIgniter.php(499): CodeIgniter\CodeIgniter->runController(Object(App\Controllers\Client))
 4 SYSTEMPATH\CodeIgniter.php(368): CodeIgniter\CodeIgniter->handleRequest(null, Object(Config\Cache), false)
 5 FCPATH\index.php(67): CodeIgniter\CodeIgniter->run()
 6 SYSTEMPATH\Commands\Server\rewrite.php(47): require_once('E:\\Programming\\Project\\hungryguys\\public\\index.php')
INFO - 2023-08-26 08:22:51 --> Session: Class initialized using 'CodeIgniter\Session\Handlers\FileHandler' driver.
CRITICAL - 2023-08-26 08:22:56 --> count(): Argument #1 ($value) must be of type Countable|array, string given
in APPPATH\Controllers\Client.php on line 35.
 1 APPPATH\Controllers\Client.php(35): count('39')
 2 SYSTEMPATH\CodeIgniter.php(934): App\Controllers\Client->searchGameSession()
 3 SYSTEMPATH\CodeIgniter.php(499): CodeIgniter\CodeIgniter->runController(Object(App\Controllers\Client))
 4 SYSTEMPATH\CodeIgniter.php(368): CodeIgniter\CodeIgniter->handleRequest(null, Object(Config\Cache), false)
 5 FCPATH\index.php(67): CodeIgniter\CodeIgniter->run()
 6 SYSTEMPATH\Commands\Server\rewrite.php(47): require_once('E:\\Programming\\Project\\hungryguys\\public\\index.php')
CRITICAL - 2023-08-26 08:22:58 --> count(): Argument #1 ($value) must be of type Countable|array, string given
in APPPATH\Controllers\Client.php on line 35.
 1 APPPATH\Controllers\Client.php(35): count('39')
 2 SYSTEMPATH\CodeIgniter.php(934): App\Controllers\Client->searchGameSession()
 3 SYSTEMPATH\CodeIgniter.php(499): CodeIgniter\CodeIgniter->runController(Object(App\Controllers\Client))
 4 SYSTEMPATH\CodeIgniter.php(368): CodeIgniter\CodeIgniter->handleRequest(null, Object(Config\Cache), false)
 5 FCPATH\index.php(67): CodeIgniter\CodeIgniter->run()
 6 SYSTEMPATH\Commands\Server\rewrite.php(47): require_once('E:\\Programming\\Project\\hungryguys\\public\\index.php')
CRITICAL - 2023-08-26 08:22:59 --> count(): Argument #1 ($value) must be of type Countable|array, string given
in APPPATH\Controllers\Client.php on line 35.
 1 APPPATH\Controllers\Client.php(35): count('39')
 2 SYSTEMPATH\CodeIgniter.php(934): App\Controllers\Client->searchGameSession()
 3 SYSTEMPATH\CodeIgniter.php(499): CodeIgniter\CodeIgniter->runController(Object(App\Controllers\Client))
 4 SYSTEMPATH\CodeIgniter.php(368): CodeIgniter\CodeIgniter->handleRequest(null, Object(Config\Cache), false)
 5 FCPATH\index.php(67): CodeIgniter\CodeIgniter->run()
 6 SYSTEMPATH\Commands\Server\rewrite.php(47): require_once('E:\\Programming\\Project\\hungryguys\\public\\index.php')
CRITICAL - 2023-08-26 08:23:00 --> count(): Argument #1 ($value) must be of type Countable|array, string given
in APPPATH\Controllers\Client.php on line 35.
 1 APPPATH\Controllers\Client.php(35): count('39')
 2 SYSTEMPATH\CodeIgniter.php(934): App\Controllers\Client->searchGameSession()
 3 SYSTEMPATH\CodeIgniter.php(499): CodeIgniter\CodeIgniter->runController(Object(App\Controllers\Client))
 4 SYSTEMPATH\CodeIgniter.php(368): CodeIgniter\CodeIgniter->handleRequest(null, Object(Config\Cache), false)
 5 FCPATH\index.php(67): CodeIgniter\CodeIgniter->run()
 6 SYSTEMPATH\Commands\Server\rewrite.php(47): require_once('E:\\Programming\\Project\\hungryguys\\public\\index.php')
CRITICAL - 2023-08-26 08:23:01 --> count(): Argument #1 ($value) must be of type Countable|array, string given
in APPPATH\Controllers\Client.php on line 35.
 1 APPPATH\Controllers\Client.php(35): count('39')
 2 SYSTEMPATH\CodeIgniter.php(934): App\Controllers\Client->searchGameSession()
 3 SYSTEMPATH\CodeIgniter.php(499): CodeIgniter\CodeIgniter->runController(Object(App\Controllers\Client))
 4 SYSTEMPATH\CodeIgniter.php(368): CodeIgniter\CodeIgniter->handleRequest(null, Object(Config\Cache), false)
 5 FCPATH\index.php(67): CodeIgniter\CodeIgniter->run()
 6 SYSTEMPATH\Commands\Server\rewrite.php(47): require_once('E:\\Programming\\Project\\hungryguys\\public\\index.php')
CRITICAL - 2023-08-26 08:23:02 --> count(): Argument #1 ($value) must be of type Countable|array, string given
in APPPATH\Controllers\Client.php on line 35.
 1 APPPATH\Controllers\Client.php(35): count('39')
 2 SYSTEMPATH\CodeIgniter.php(934): App\Controllers\Client->searchGameSession()
 3 SYSTEMPATH\CodeIgniter.php(499): CodeIgniter\CodeIgniter->runController(Object(App\Controllers\Client))
 4 SYSTEMPATH\CodeIgniter.php(368): CodeIgniter\CodeIgniter->handleRequest(null, Object(Config\Cache), false)
 5 FCPATH\index.php(67): CodeIgniter\CodeIgniter->run()
 6 SYSTEMPATH\Commands\Server\rewrite.php(47): require_once('E:\\Programming\\Project\\hungryguys\\public\\index.php')
CRITICAL - 2023-08-26 08:23:03 --> count(): Argument #1 ($value) must be of type Countable|array, string given
in APPPATH\Controllers\Client.php on line 35.
 1 APPPATH\Controllers\Client.php(35): count('39')
 2 SYSTEMPATH\CodeIgniter.php(934): App\Controllers\Client->searchGameSession()
 3 SYSTEMPATH\CodeIgniter.php(499): CodeIgniter\CodeIgniter->runController(Object(App\Controllers\Client))
 4 SYSTEMPATH\CodeIgniter.php(368): CodeIgniter\CodeIgniter->handleRequest(null, Object(Config\Cache), false)
 5 FCPATH\index.php(67): CodeIgniter\CodeIgniter->run()
 6 SYSTEMPATH\Commands\Server\rewrite.php(47): require_once('E:\\Programming\\Project\\hungryguys\\public\\index.php')
INFO - 2023-08-26 08:23:12 --> Session: Class initialized using 'CodeIgniter\Session\Handlers\FileHandler' driver.
INFO - 2023-08-26 08:23:27 --> Session: Class initialized using 'CodeIgniter\Session\Handlers\FileHandler' driver.
CRITICAL - 2023-08-26 08:23:31 --> Undefined array key 0
in APPPATH\Controllers\Client.php on line 33.
 1 APPPATH\Controllers\Client.php(33): CodeIgniter\Debug\Exceptions->errorHandler(2, 'Undefined array key 0', 'E:\\Programming\\Project\\hungryguys\\app\\Controllers\\Client.php', 33)
 2 SYSTEMPATH\CodeIgniter.php(934): App\Controllers\Client->searchGameSession()
 3 SYSTEMPATH\CodeIgniter.php(499): CodeIgniter\CodeIgniter->runController(Object(App\Controllers\Client))
 4 SYSTEMPATH\CodeIgniter.php(368): CodeIgniter\CodeIgniter->handleRequest(null, Object(Config\Cache), false)
 5 FCPATH\index.php(67): CodeIgniter\CodeIgniter->run()
 6 SYSTEMPATH\Commands\Server\rewrite.php(47): require_once('E:\\Programming\\Project\\hungryguys\\public\\index.php')
INFO - 2023-08-26 08:23:43 --> Session: Class initialized using 'CodeIgniter\Session\Handlers\FileHandler' driver.
CRITICAL - 2023-08-26 08:23:47 --> Undefined array key 0
in APPPATH\Controllers\Client.php on line 33.
 1 APPPATH\Controllers\Client.php(33): CodeIgniter\Debug\Exceptions->errorHandler(2, 'Undefined array key 0', 'E:\\Programming\\Project\\hungryguys\\app\\Controllers\\Client.php', 33)
 2 SYSTEMPATH\CodeIgniter.php(934): App\Controllers\Client->searchGameSession()
 3 SYSTEMPATH\CodeIgniter.php(499): CodeIgniter\CodeIgniter->runController(Object(App\Controllers\Client))
 4 SYSTEMPATH\CodeIgniter.php(368): CodeIgniter\CodeIgniter->handleRequest(null, Object(Config\Cache), false)
 5 FCPATH\index.php(67): CodeIgniter\CodeIgniter->run()
 6 SYSTEMPATH\Commands\Server\rewrite.php(47): require_once('E:\\Programming\\Project\\hungryguys\\public\\index.php')
INFO - 2023-08-26 08:23:53 --> Session: Class initialized using 'CodeIgniter\Session\Handlers\FileHandler' driver.
CRITICAL - 2023-08-26 08:23:57 --> Array to string conversion
in APPPATH\Controllers\Client.php on line 33.
 1 APPPATH\Controllers\Client.php(33): CodeIgniter\Debug\Exceptions->errorHandler(2, 'Array to string conversion', 'E:\\Programming\\Project\\hungryguys\\app\\Controllers\\Client.php', 33)
 2 SYSTEMPATH\CodeIgniter.php(934): App\Controllers\Client->searchGameSession()
 3 SYSTEMPATH\CodeIgniter.php(499): CodeIgniter\CodeIgniter->runController(Object(App\Controllers\Client))
 4 SYSTEMPATH\CodeIgniter.php(368): CodeIgniter\CodeIgniter->handleRequest(null, Object(Config\Cache), false)
 5 FCPATH\index.php(67): CodeIgniter\CodeIgniter->run()
 6 SYSTEMPATH\Commands\Server\rewrite.php(47): require_once('E:\\Programming\\Project\\hungryguys\\public\\index.php')
CRITICAL - 2023-08-26 08:23:58 --> Array to string conversion
in APPPATH\Controllers\Client.php on line 33.
 1 APPPATH\Controllers\Client.php(33): CodeIgniter\Debug\Exceptions->errorHandler(2, 'Array to string conversion', 'E:\\Programming\\Project\\hungryguys\\app\\Controllers\\Client.php', 33)
 2 SYSTEMPATH\CodeIgniter.php(934): App\Controllers\Client->searchGameSession()
 3 SYSTEMPATH\CodeIgniter.php(499): CodeIgniter\CodeIgniter->runController(Object(App\Controllers\Client))
 4 SYSTEMPATH\CodeIgniter.php(368): CodeIgniter\CodeIgniter->handleRequest(null, Object(Config\Cache), false)
 5 FCPATH\index.php(67): CodeIgniter\CodeIgniter->run()
 6 SYSTEMPATH\Commands\Server\rewrite.php(47): require_once('E:\\Programming\\Project\\hungryguys\\public\\index.php')
CRITICAL - 2023-08-26 08:23:59 --> Array to string conversion
in APPPATH\Controllers\Client.php on line 33.
 1 APPPATH\Controllers\Client.php(33): CodeIgniter\Debug\Exceptions->errorHandler(2, 'Array to string conversion', 'E:\\Programming\\Project\\hungryguys\\app\\Controllers\\Client.php', 33)
 2 SYSTEMPATH\CodeIgniter.php(934): App\Controllers\Client->searchGameSession()
 3 SYSTEMPATH\CodeIgniter.php(499): CodeIgniter\CodeIgniter->runController(Object(App\Controllers\Client))
 4 SYSTEMPATH\CodeIgniter.php(368): CodeIgniter\CodeIgniter->handleRequest(null, Object(Config\Cache), false)
 5 FCPATH\index.php(67): CodeIgniter\CodeIgniter->run()
 6 SYSTEMPATH\Commands\Server\rewrite.php(47): require_once('E:\\Programming\\Project\\hungryguys\\public\\index.php')
CRITICAL - 2023-08-26 08:24:00 --> Array to string conversion
in APPPATH\Controllers\Client.php on line 33.
 1 APPPATH\Controllers\Client.php(33): CodeIgniter\Debug\Exceptions->errorHandler(2, 'Array to string conversion', 'E:\\Programming\\Project\\hungryguys\\app\\Controllers\\Client.php', 33)
 2 SYSTEMPATH\CodeIgniter.php(934): App\Controllers\Client->searchGameSession()
 3 SYSTEMPATH\CodeIgniter.php(499): CodeIgniter\CodeIgniter->runController(Object(App\Controllers\Client))
 4 SYSTEMPATH\CodeIgniter.php(368): CodeIgniter\CodeIgniter->handleRequest(null, Object(Config\Cache), false)
 5 FCPATH\index.php(67): CodeIgniter\CodeIgniter->run()
 6 SYSTEMPATH\Commands\Server\rewrite.php(47): require_once('E:\\Programming\\Project\\hungryguys\\public\\index.php')
CRITICAL - 2023-08-26 08:24:01 --> Array to string conversion
in APPPATH\Controllers\Client.php on line 33.
 1 APPPATH\Controllers\Client.php(33): CodeIgniter\Debug\Exceptions->errorHandler(2, 'Array to string conversion', 'E:\\Programming\\Project\\hungryguys\\app\\Controllers\\Client.php', 33)
 2 SYSTEMPATH\CodeIgniter.php(934): App\Controllers\Client->searchGameSession()
 3 SYSTEMPATH\CodeIgniter.php(499): CodeIgniter\CodeIgniter->runController(Object(App\Controllers\Client))
 4 SYSTEMPATH\CodeIgniter.php(368): CodeIgniter\CodeIgniter->handleRequest(null, Object(Config\Cache), false)
 5 FCPATH\index.php(67): CodeIgniter\CodeIgniter->run()
 6 SYSTEMPATH\Commands\Server\rewrite.php(47): require_once('E:\\Programming\\Project\\hungryguys\\public\\index.php')
CRITICAL - 2023-08-26 08:24:02 --> Array to string conversion
in APPPATH\Controllers\Client.php on line 33.
 1 APPPATH\Controllers\Client.php(33): CodeIgniter\Debug\Exceptions->errorHandler(2, 'Array to string conversion', 'E:\\Programming\\Project\\hungryguys\\app\\Controllers\\Client.php', 33)
 2 SYSTEMPATH\CodeIgniter.php(934): App\Controllers\Client->searchGameSession()
 3 SYSTEMPATH\CodeIgniter.php(499): CodeIgniter\CodeIgniter->runController(Object(App\Controllers\Client))
 4 SYSTEMPATH\CodeIgniter.php(368): CodeIgniter\CodeIgniter->handleRequest(null, Object(Config\Cache), false)
 5 FCPATH\index.php(67): CodeIgniter\CodeIgniter->run()
 6 SYSTEMPATH\Commands\Server\rewrite.php(47): require_once('E:\\Programming\\Project\\hungryguys\\public\\index.php')
CRITICAL - 2023-08-26 08:24:03 --> Array to string conversion
in APPPATH\Controllers\Client.php on line 33.
 1 APPPATH\Controllers\Client.php(33): CodeIgniter\Debug\Exceptions->errorHandler(2, 'Array to string conversion', 'E:\\Programming\\Project\\hungryguys\\app\\Controllers\\Client.php', 33)
 2 SYSTEMPATH\CodeIgniter.php(934): App\Controllers\Client->searchGameSession()
 3 SYSTEMPATH\CodeIgniter.php(499): CodeIgniter\CodeIgniter->runController(Object(App\Controllers\Client))
 4 SYSTEMPATH\CodeIgniter.php(368): CodeIgniter\CodeIgniter->handleRequest(null, Object(Config\Cache), false)
 5 FCPATH\index.php(67): CodeIgniter\CodeIgniter->run()
 6 SYSTEMPATH\Commands\Server\rewrite.php(47): require_once('E:\\Programming\\Project\\hungryguys\\public\\index.php')
CRITICAL - 2023-08-26 08:24:04 --> Array to string conversion
in APPPATH\Controllers\Client.php on line 33.
 1 APPPATH\Controllers\Client.php(33): CodeIgniter\Debug\Exceptions->errorHandler(2, 'Array to string conversion', 'E:\\Programming\\Project\\hungryguys\\app\\Controllers\\Client.php', 33)
 2 SYSTEMPATH\CodeIgniter.php(934): App\Controllers\Client->searchGameSession()
 3 SYSTEMPATH\CodeIgniter.php(499): CodeIgniter\CodeIgniter->runController(Object(App\Controllers\Client))
 4 SYSTEMPATH\CodeIgniter.php(368): CodeIgniter\CodeIgniter->handleRequest(null, Object(Config\Cache), false)
 5 FCPATH\index.php(67): CodeIgniter\CodeIgniter->run()
 6 SYSTEMPATH\Commands\Server\rewrite.php(47): require_once('E:\\Programming\\Project\\hungryguys\\public\\index.php')
CRITICAL - 2023-08-26 08:24:05 --> Array to string conversion
in APPPATH\Controllers\Client.php on line 33.
 1 APPPATH\Controllers\Client.php(33): CodeIgniter\Debug\Exceptions->errorHandler(2, 'Array to string conversion', 'E:\\Programming\\Project\\hungryguys\\app\\Controllers\\Client.php', 33)
 2 SYSTEMPATH\CodeIgniter.php(934): App\Controllers\Client->searchGameSession()
 3 SYSTEMPATH\CodeIgniter.php(499): CodeIgniter\CodeIgniter->runController(Object(App\Controllers\Client))
 4 SYSTEMPATH\CodeIgniter.php(368): CodeIgniter\CodeIgniter->handleRequest(null, Object(Config\Cache), false)
 5 FCPATH\index.php(67): CodeIgniter\CodeIgniter->run()
 6 SYSTEMPATH\Commands\Server\rewrite.php(47): require_once('E:\\Programming\\Project\\hungryguys\\public\\index.php')
CRITICAL - 2023-08-26 08:24:06 --> Array to string conversion
in APPPATH\Controllers\Client.php on line 33.
 1 APPPATH\Controllers\Client.php(33): CodeIgniter\Debug\Exceptions->errorHandler(2, 'Array to string conversion', 'E:\\Programming\\Project\\hungryguys\\app\\Controllers\\Client.php', 33)
 2 SYSTEMPATH\CodeIgniter.php(934): App\Controllers\Client->searchGameSession()
 3 SYSTEMPATH\CodeIgniter.php(499): CodeIgniter\CodeIgniter->runController(Object(App\Controllers\Client))
 4 SYSTEMPATH\CodeIgniter.php(368): CodeIgniter\CodeIgniter->handleRequest(null, Object(Config\Cache), false)
 5 FCPATH\index.php(67): CodeIgniter\CodeIgniter->run()
 6 SYSTEMPATH\Commands\Server\rewrite.php(47): require_once('E:\\Programming\\Project\\hungryguys\\public\\index.php')
CRITICAL - 2023-08-26 08:24:29 --> Undefined array key 0
in APPPATH\Controllers\Client.php on line 33.
 1 APPPATH\Controllers\Client.php(33): CodeIgniter\Debug\Exceptions->errorHandler(2, 'Undefined array key 0', 'E:\\Programming\\Project\\hungryguys\\app\\Controllers\\Client.php', 33)
 2 SYSTEMPATH\CodeIgniter.php(934): App\Controllers\Client->searchGameSession()
 3 SYSTEMPATH\CodeIgniter.php(499): CodeIgniter\CodeIgniter->runController(Object(App\Controllers\Client))
 4 SYSTEMPATH\CodeIgniter.php(368): CodeIgniter\CodeIgniter->handleRequest(null, Object(Config\Cache), false)
 5 FCPATH\index.php(67): CodeIgniter\CodeIgniter->run()
 6 SYSTEMPATH\Commands\Server\rewrite.php(47): require_once('E:\\Programming\\Project\\hungryguys\\public\\index.php')
CRITICAL - 2023-08-26 08:24:30 --> Undefined array key 0
in APPPATH\Controllers\Client.php on line 33.
 1 APPPATH\Controllers\Client.php(33): CodeIgniter\Debug\Exceptions->errorHandler(2, 'Undefined array key 0', 'E:\\Programming\\Project\\hungryguys\\app\\Controllers\\Client.php', 33)
 2 SYSTEMPATH\CodeIgniter.php(934): App\Controllers\Client->searchGameSession()
 3 SYSTEMPATH\CodeIgniter.php(499): CodeIgniter\CodeIgniter->runController(Object(App\Controllers\Client))
 4 SYSTEMPATH\CodeIgniter.php(368): CodeIgniter\CodeIgniter->handleRequest(null, Object(Config\Cache), false)
 5 FCPATH\index.php(67): CodeIgniter\CodeIgniter->run()
 6 SYSTEMPATH\Commands\Server\rewrite.php(47): require_once('E:\\Programming\\Project\\hungryguys\\public\\index.php')
CRITICAL - 2023-08-26 08:25:10 --> Undefined array key 0
in APPPATH\Controllers\Client.php on line 34.
 1 APPPATH\Controllers\Client.php(34): CodeIgniter\Debug\Exceptions->errorHandler(2, 'Undefined array key 0', 'E:\\Programming\\Project\\hungryguys\\app\\Controllers\\Client.php', 34)
 2 SYSTEMPATH\CodeIgniter.php(934): App\Controllers\Client->searchGameSession()
 3 SYSTEMPATH\CodeIgniter.php(499): CodeIgniter\CodeIgniter->runController(Object(App\Controllers\Client))
 4 SYSTEMPATH\CodeIgniter.php(368): CodeIgniter\CodeIgniter->handleRequest(null, Object(Config\Cache), false)
 5 FCPATH\index.php(67): CodeIgniter\CodeIgniter->run()
 6 SYSTEMPATH\Commands\Server\rewrite.php(47): require_once('E:\\Programming\\Project\\hungryguys\\public\\index.php')
INFO - 2023-08-26 08:25:13 --> Session: Class initialized using 'CodeIgniter\Session\Handlers\FileHandler' driver.
CRITICAL - 2023-08-26 08:25:26 --> Undefined array key 0
in APPPATH\Controllers\Client.php on line 34.
 1 APPPATH\Controllers\Client.php(34): CodeIgniter\Debug\Exceptions->errorHandler(2, 'Undefined array key 0', 'E:\\Programming\\Project\\hungryguys\\app\\Controllers\\Client.php', 34)
 2 SYSTEMPATH\CodeIgniter.php(934): App\Controllers\Client->searchGameSession()
 3 SYSTEMPATH\CodeIgniter.php(499): CodeIgniter\CodeIgniter->runController(Object(App\Controllers\Client))
 4 SYSTEMPATH\CodeIgniter.php(368): CodeIgniter\CodeIgniter->handleRequest(null, Object(Config\Cache), false)
 5 FCPATH\index.php(67): CodeIgniter\CodeIgniter->run()
 6 SYSTEMPATH\Commands\Server\rewrite.php(47): require_once('E:\\Programming\\Project\\hungryguys\\public\\index.php')
CRITICAL - 2023-08-26 08:25:29 --> Undefined array key 0
in APPPATH\Controllers\Client.php on line 34.
 1 APPPATH\Controllers\Client.php(34): CodeIgniter\Debug\Exceptions->errorHandler(2, 'Undefined array key 0', 'E:\\Programming\\Project\\hungryguys\\app\\Controllers\\Client.php', 34)
 2 SYSTEMPATH\CodeIgniter.php(934): App\Controllers\Client->searchGameSession()
 3 SYSTEMPATH\CodeIgniter.php(499): CodeIgniter\CodeIgniter->runController(Object(App\Controllers\Client))
 4 SYSTEMPATH\CodeIgniter.php(368): CodeIgniter\CodeIgniter->handleRequest(null, Object(Config\Cache), false)
 5 FCPATH\index.php(67): CodeIgniter\CodeIgniter->run()
 6 SYSTEMPATH\Commands\Server\rewrite.php(47): require_once('E:\\Programming\\Project\\hungryguys\\public\\index.php')
INFO - 2023-08-26 08:25:54 --> Session: Class initialized using 'CodeIgniter\Session\Handlers\FileHandler' driver.
CRITICAL - 2023-08-26 08:25:58 --> count(): Argument #1 ($value) must be of type Countable|array, string given
in APPPATH\Controllers\Client.php on line 35.
 1 APPPATH\Controllers\Client.php(35): count('39')
 2 SYSTEMPATH\CodeIgniter.php(934): App\Controllers\Client->searchGameSession()
 3 SYSTEMPATH\CodeIgniter.php(499): CodeIgniter\CodeIgniter->runController(Object(App\Controllers\Client))
 4 SYSTEMPATH\CodeIgniter.php(368): CodeIgniter\CodeIgniter->handleRequest(null, Object(Config\Cache), false)
 5 FCPATH\index.php(67): CodeIgniter\CodeIgniter->run()
 6 SYSTEMPATH\Commands\Server\rewrite.php(47): require_once('E:\\Programming\\Project\\hungryguys\\public\\index.php')
CRITICAL - 2023-08-26 08:26:01 --> Undefined array key 0
in APPPATH\Controllers\Client.php on line 34.
 1 APPPATH\Controllers\Client.php(34): CodeIgniter\Debug\Exceptions->errorHandler(2, 'Undefined array key 0', 'E:\\Programming\\Project\\hungryguys\\app\\Controllers\\Client.php', 34)
 2 SYSTEMPATH\CodeIgniter.php(934): App\Controllers\Client->searchGameSession()
 3 SYSTEMPATH\CodeIgniter.php(499): CodeIgniter\CodeIgniter->runController(Object(App\Controllers\Client))
 4 SYSTEMPATH\CodeIgniter.php(368): CodeIgniter\CodeIgniter->handleRequest(null, Object(Config\Cache), false)
 5 FCPATH\index.php(67): CodeIgniter\CodeIgniter->run()
 6 SYSTEMPATH\Commands\Server\rewrite.php(47): require_once('E:\\Programming\\Project\\hungryguys\\public\\index.php')
INFO - 2023-08-26 08:27:33 --> Session: Class initialized using 'CodeIgniter\Session\Handlers\FileHandler' driver.
CRITICAL - 2023-08-26 08:27:37 --> Undefined array key 0
in APPPATH\Controllers\Client.php on line 34.
 1 APPPATH\Controllers\Client.php(34): CodeIgniter\Debug\Exceptions->errorHandler(2, 'Undefined array key 0', 'E:\\Programming\\Project\\hungryguys\\app\\Controllers\\Client.php', 34)
 2 SYSTEMPATH\CodeIgniter.php(934): App\Controllers\Client->searchGameSession()
 3 SYSTEMPATH\CodeIgniter.php(499): CodeIgniter\CodeIgniter->runController(Object(App\Controllers\Client))
 4 SYSTEMPATH\CodeIgniter.php(368): CodeIgniter\CodeIgniter->handleRequest(null, Object(Config\Cache), false)
 5 FCPATH\index.php(67): CodeIgniter\CodeIgniter->run()
 6 SYSTEMPATH\Commands\Server\rewrite.php(47): require_once('E:\\Programming\\Project\\hungryguys\\public\\index.php')
INFO - 2023-08-26 08:28:46 --> Session: Class initialized using 'CodeIgniter\Session\Handlers\FileHandler' driver.
CRITICAL - 2023-08-26 08:28:56 --> Undefined array key 0
in APPPATH\Controllers\Client.php on line 35.
 1 APPPATH\Controllers\Client.php(35): CodeIgniter\Debug\Exceptions->errorHandler(2, 'Undefined array key 0', 'E:\\Programming\\Project\\hungryguys\\app\\Controllers\\Client.php', 35)
 2 SYSTEMPATH\CodeIgniter.php(934): App\Controllers\Client->searchGameSession()
 3 SYSTEMPATH\CodeIgniter.php(499): CodeIgniter\CodeIgniter->runController(Object(App\Controllers\Client))
 4 SYSTEMPATH\CodeIgniter.php(368): CodeIgniter\CodeIgniter->handleRequest(null, Object(Config\Cache), false)
 5 FCPATH\index.php(67): CodeIgniter\CodeIgniter->run()
 6 SYSTEMPATH\Commands\Server\rewrite.php(47): require_once('E:\\Programming\\Project\\hungryguys\\public\\index.php')
CRITICAL - 2023-08-26 08:28:57 --> Undefined array key 0
in APPPATH\Controllers\Client.php on line 35.
 1 APPPATH\Controllers\Client.php(35): CodeIgniter\Debug\Exceptions->errorHandler(2, 'Undefined array key 0', 'E:\\Programming\\Project\\hungryguys\\app\\Controllers\\Client.php', 35)
 2 SYSTEMPATH\CodeIgniter.php(934): App\Controllers\Client->searchGameSession()
 3 SYSTEMPATH\CodeIgniter.php(499): CodeIgniter\CodeIgniter->runController(Object(App\Controllers\Client))
 4 SYSTEMPATH\CodeIgniter.php(368): CodeIgniter\CodeIgniter->handleRequest(null, Object(Config\Cache), false)
 5 FCPATH\index.php(67): CodeIgniter\CodeIgniter->run()
 6 SYSTEMPATH\Commands\Server\rewrite.php(47): require_once('E:\\Programming\\Project\\hungryguys\\public\\index.php')
INFO - 2023-08-26 08:29:40 --> Session: Class initialized using 'CodeIgniter\Session\Handlers\FileHandler' driver.
INFO - 2023-08-26 08:29:46 --> Session: Class initialized using 'CodeIgniter\Session\Handlers\FileHandler' driver.
INFO - 2023-08-26 08:29:46 --> Session: Class initialized using 'CodeIgniter\Session\Handlers\FileHandler' driver.
INFO - 2023-08-26 08:30:15 --> Session: Class initialized using 'CodeIgniter\Session\Handlers\FileHandler' driver.
INFO - 2023-08-26 08:30:17 --> Session: Class initialized using 'CodeIgniter\Session\Handlers\FileHandler' driver.
INFO - 2023-08-26 08:30:24 --> Session: Class initialized using 'CodeIgniter\Session\Handlers\FileHandler' driver.
INFO - 2023-08-26 08:30:31 --> Session: Class initialized using 'CodeIgniter\Session\Handlers\FileHandler' driver.
INFO - 2023-08-26 08:30:33 --> Session: Class initialized using 'CodeIgniter\Session\Handlers\FileHandler' driver.
INFO - 2023-08-26 08:30:42 --> Session: Class initialized using 'CodeIgniter\Session\Handlers\FileHandler' driver.
INFO - 2023-08-26 08:30:48 --> Session: Class initialized using 'CodeIgniter\Session\Handlers\FileHandler' driver.
INFO - 2023-08-26 08:30:50 --> Session: Class initialized using 'CodeIgniter\Session\Handlers\FileHandler' driver.
INFO - 2023-08-26 08:30:59 --> Session: Class initialized using 'CodeIgniter\Session\Handlers\FileHandler' driver.
INFO - 2023-08-26 08:31:19 --> Session: Class initialized using 'CodeIgniter\Session\Handlers\FileHandler' driver.
INFO - 2023-08-26 08:31:21 --> Session: Class initialized using 'CodeIgniter\Session\Handlers\FileHandler' driver.
INFO - 2023-08-26 08:31:26 --> Session: Class initialized using 'CodeIgniter\Session\Handlers\FileHandler' driver.
CRITICAL - 2023-08-26 08:31:32 --> Undefined array key 0
in APPPATH\Controllers\Client.php on line 35.
 1 APPPATH\Controllers\Client.php(35): CodeIgniter\Debug\Exceptions->errorHandler(2, 'Undefined array key 0', 'E:\\Programming\\Project\\hungryguys\\app\\Controllers\\Client.php', 35)
 2 SYSTEMPATH\CodeIgniter.php(934): App\Controllers\Client->searchGameSession()
 3 SYSTEMPATH\CodeIgniter.php(499): CodeIgniter\CodeIgniter->runController(Object(App\Controllers\Client))
 4 SYSTEMPATH\CodeIgniter.php(368): CodeIgniter\CodeIgniter->handleRequest(null, Object(Config\Cache), false)
 5 FCPATH\index.php(67): CodeIgniter\CodeIgniter->run()
 6 SYSTEMPATH\Commands\Server\rewrite.php(47): require_once('E:\\Programming\\Project\\hungryguys\\public\\index.php')
INFO - 2023-08-26 08:32:15 --> Session: Class initialized using 'CodeIgniter\Session\Handlers\FileHandler' driver.
INFO - 2023-08-26 08:32:23 --> Session: Class initialized using 'CodeIgniter\Session\Handlers\FileHandler' driver.
INFO - 2023-08-26 08:32:25 --> Session: Class initialized using 'CodeIgniter\Session\Handlers\FileHandler' driver.
INFO - 2023-08-26 08:32:43 --> Session: Class initialized using 'CodeIgniter\Session\Handlers\FileHandler' driver.
INFO - 2023-08-26 08:37:46 --> Session: Class initialized using 'CodeIgniter\Session\Handlers\FileHandler' driver.
INFO - 2023-08-26 08:37:48 --> Session: Class initialized using 'CodeIgniter\Session\Handlers\FileHandler' driver.
INFO - 2023-08-26 08:37:52 --> Session: Class initialized using 'CodeIgniter\Session\Handlers\FileHandler' driver.
